<?xml version="1.0" encoding="UTF-8"?>
<!-- Generated by org.testng.reporters.JUnitXMLReporter -->
<testsuite ignored="0" hostname="Debasish" failures="1" tests="1" name="Add Customer Test" time="0.198" errors="0" timestamp="2024-01-04T16:06:25 IST">
  <testcase classname="in.debasish.testCases.AddCustomerTest" name="addCustomerTest" time="0.0">
    <failure type="org.testng.TestNGException" message="
Method public void in.debasish.testCases.AddCustomerTest.addCustomerTest(java.lang.String,java.lang.String,java.lang.String) throws java.lang.Exception requires a @DataProvider named : dp">
      <![CDATA[org.testng.TestNGException: 
Method public void in.debasish.testCases.AddCustomerTest.addCustomerTest(java.lang.String,java.lang.String,java.lang.String) throws java.lang.Exception requires a @DataProvider named : dp
at java.base/java.util.ArrayList.forEach(ArrayList.java:1511)
... Removed 24 stack frames]]>
    </failure>
  </testcase> <!-- addCustomerTest -->
</testsuite> <!-- Add Customer Test -->
