<?xml version="1.0" encoding="UTF-8"?>
<!-- Generated by org.testng.reporters.JUnitXMLReporter -->
<testsuite ignored="0" hostname="Debasish" failures="0" tests="4" name="Add Customer Test" time="17.169" errors="0" timestamp="2024-02-04T20:06:16 IST">
  <testcase classname="in.debasish.testCases.AddCustomerTest" name="addCustomerTest" time="4.496"/>
  <testcase classname="in.debasish.testCases.AddCustomerTest" name="addCustomerTest" time="4.214"/>
  <testcase classname="in.debasish.testCases.AddCustomerTest" name="addCustomerTest" time="4.23"/>
  <testcase classname="in.debasish.testCases.AddCustomerTest" name="addCustomerTest" time="4.209"/>
</testsuite> <!-- Add Customer Test -->
